[Nov 19 2015 04:33:47] ERROR_HANDLER 
Number:  2
Message: stream_socket_client(): unable to connect to ssl://172.17.20.210:443 (Connection refused)
File:    /home/ubuntu/workspace/wp-includes/class-http.php
Line:    999
-------------------------------------------- 
[Nov 19 2015 04:46:03] ERROR_HANDLER 
Number:  2
Message: stream_socket_client(): unable to connect to ssl://172.17.20.210:443 (Connection refused)
File:    /home/ubuntu/workspace/wp-includes/class-http.php
Line:    999
-------------------------------------------- 
[Nov 19 2015 04:47:18] ERROR_HANDLER 
Number:  2
Message: stream_socket_client(): unable to connect to ssl://172.17.20.210:443 (Connection refused)
File:    /home/ubuntu/workspace/wp-includes/class-http.php
Line:    999
-------------------------------------------- 
[Nov 19 2015 05:01:14] ERROR_HANDLER 
Number:  2
Message: stream_socket_client(): unable to connect to ssl://172.17.20.210:443 (Connection refused)
File:    /home/ubuntu/workspace/wp-includes/class-http.php
Line:    999
-------------------------------------------- 
[Nov 19 2015 05:03:29] ERROR_HANDLER 
Number:  2
Message: stream_socket_client(): unable to connect to ssl://172.17.20.210:443 (Connection refused)
File:    /home/ubuntu/workspace/wp-includes/class-http.php
Line:    999
-------------------------------------------- 
[Nov 19 2015 05:05:30] ERROR_HANDLER 
Number:  2
Message: stream_socket_client(): unable to connect to ssl://172.17.20.210:443 (Connection refused)
File:    /home/ubuntu/workspace/wp-includes/class-http.php
Line:    999
-------------------------------------------- 
[Nov 19 2015 05:06:21] ERROR_HANDLER 
Number:  2
Message: stream_socket_client(): unable to connect to ssl://172.17.20.210:443 (Connection refused)
File:    /home/ubuntu/workspace/wp-includes/class-http.php
Line:    999
-------------------------------------------- 
[Nov 19 2015 05:07:12] ERROR_HANDLER 
Number:  2
Message: stream_socket_client(): unable to connect to ssl://172.17.20.210:443 (Connection refused)
File:    /home/ubuntu/workspace/wp-includes/class-http.php
Line:    999
-------------------------------------------- 
[Nov 19 2015 05:07:53] ERROR_HANDLER 
Number:  2
Message: stream_socket_client(): unable to connect to ssl://172.17.20.210:443 (Connection refused)
File:    /home/ubuntu/workspace/wp-includes/class-http.php
Line:    999
-------------------------------------------- 
[Nov 19 2015 16:37:49] ERROR_HANDLER 
Number:  2
Message: gzinflate(): data error
File:    /home/ubuntu/workspace/wp-includes/class-http.php
Line:    2116
-------------------------------------------- 
[Nov 19 2015 16:42:58] ERROR_HANDLER 
Number:  2
Message: stream_socket_client(): unable to connect to ssl://172.17.20.210:443 (Connection refused)
File:    /home/ubuntu/workspace/wp-includes/class-http.php
Line:    999
-------------------------------------------- 
[Nov 19 2015 16:53:47] ERROR_HANDLER 
Number:  2
Message: stream_socket_client(): unable to connect to ssl://172.17.20.210:443 (Connection refused)
File:    /home/ubuntu/workspace/wp-includes/class-http.php
Line:    999
-------------------------------------------- 
[Nov 19 2015 16:55:27] ERROR_HANDLER 
Number:  2
Message: stream_socket_client(): unable to connect to ssl://172.17.20.210:443 (Connection refused)
File:    /home/ubuntu/workspace/wp-includes/class-http.php
Line:    999
-------------------------------------------- 
[Nov 19 2015 16:57:10] ERROR_HANDLER 
Number:  2
Message: stream_socket_client(): unable to connect to ssl://172.17.20.210:443 (Connection refused)
File:    /home/ubuntu/workspace/wp-includes/class-http.php
Line:    999
-------------------------------------------- 
[Nov 19 2015 17:03:17] ERROR_HANDLER 
Number:  2
Message: stream_socket_client(): unable to connect to ssl://172.17.20.210:443 (Connection refused)
File:    /home/ubuntu/workspace/wp-includes/class-http.php
Line:    999
-------------------------------------------- 
[Nov 19 2015 17:05:12] ERROR_HANDLER 
Number:  2
Message: stream_socket_client(): unable to connect to ssl://172.17.20.210:443 (Connection refused)
File:    /home/ubuntu/workspace/wp-includes/class-http.php
Line:    999
-------------------------------------------- 
[Nov 19 2015 17:15:13] ERROR_HANDLER 
Number:  2
Message: stream_socket_client(): unable to connect to ssl://172.17.20.210:443 (Connection refused)
File:    /home/ubuntu/workspace/wp-includes/class-http.php
Line:    999
-------------------------------------------- 
[Nov 19 2015 17:15:57] ERROR_HANDLER 
Number:  2
Message: stream_socket_client(): unable to connect to ssl://172.17.20.210:443 (Connection refused)
File:    /home/ubuntu/workspace/wp-includes/class-http.php
Line:    999
-------------------------------------------- 
[Nov 19 2015 17:26:03] ERROR_HANDLER 
Number:  2
Message: stream_socket_client(): unable to connect to ssl://172.17.20.210:443 (Connection refused)
File:    /home/ubuntu/workspace/wp-includes/class-http.php
Line:    999
-------------------------------------------- 
[Nov 19 2015 17:26:24] ERROR_HANDLER 
Number:  2
Message: stream_socket_client(): unable to connect to ssl://172.17.20.210:443 (Connection refused)
File:    /home/ubuntu/workspace/wp-includes/class-http.php
Line:    999
-------------------------------------------- 
[Nov 19 2015 17:28:33] ERROR_HANDLER 
Number:  2
Message: stream_socket_client(): unable to connect to ssl://172.17.20.210:443 (Connection refused)
File:    /home/ubuntu/workspace/wp-includes/class-http.php
Line:    999
-------------------------------------------- 
[Nov 19 2015 18:33:46] ERROR_HANDLER 
Number:  2
Message: stream_socket_client(): unable to connect to ssl://172.17.20.210:443 (Connection refused)
File:    /home/ubuntu/workspace/wp-includes/class-http.php
Line:    999
-------------------------------------------- 
[Nov 19 2015 18:42:51] ERROR_HANDLER 
Number:  2
Message: stream_socket_client(): unable to connect to ssl://172.17.20.210:443 (Connection refused)
File:    /home/ubuntu/workspace/wp-includes/class-http.php
Line:    999
-------------------------------------------- 
[Nov 19 2015 18:45:56] ERROR_HANDLER 
Number:  2
Message: stream_socket_client(): unable to connect to ssl://172.17.20.210:443 (Connection refused)
File:    /home/ubuntu/workspace/wp-includes/class-http.php
Line:    999
-------------------------------------------- 
[Nov 19 2015 19:04:25] ERROR_HANDLER 
Number:  2
Message: stream_socket_client(): unable to connect to ssl://172.17.20.210:443 (Connection refused)
File:    /home/ubuntu/workspace/wp-includes/class-http.php
Line:    999
-------------------------------------------- 
[Nov 19 2015 19:30:22] ERROR_HANDLER 
Number:  2
Message: stream_socket_client(): unable to connect to ssl://172.17.20.210:443 (Connection refused)
File:    /home/ubuntu/workspace/wp-includes/class-http.php
Line:    999
-------------------------------------------- 
[Nov 19 2015 19:31:28] ERROR_HANDLER 
Number:  2
Message: stream_socket_client(): unable to connect to ssl://172.17.20.210:443 (Connection refused)
File:    /home/ubuntu/workspace/wp-includes/class-http.php
Line:    999
-------------------------------------------- 
[Nov 20 2015 00:38:48] ERROR_HANDLER 
Number:  2
Message: stream_socket_client(): unable to connect to ssl://172.17.20.210:443 (Connection refused)
File:    /home/ubuntu/workspace/wp-includes/class-http.php
Line:    999
-------------------------------------------- 
[Nov 20 2015 00:43:11] ERROR_HANDLER 
Number:  2
Message: stream_socket_client(): unable to connect to ssl://172.17.20.210:443 (Connection refused)
File:    /home/ubuntu/workspace/wp-includes/class-http.php
Line:    999
-------------------------------------------- 
[Nov 20 2015 00:44:42] ERROR_HANDLER 
Number:  2
Message: stream_socket_client(): unable to connect to ssl://172.17.20.210:443 (Connection refused)
File:    /home/ubuntu/workspace/wp-includes/class-http.php
Line:    999
-------------------------------------------- 
[Nov 20 2015 00:46:59] ERROR_HANDLER 
Number:  2
Message: stream_socket_client(): unable to connect to ssl://172.17.20.210:443 (Connection refused)
File:    /home/ubuntu/workspace/wp-includes/class-http.php
Line:    999
-------------------------------------------- 
[Nov 20 2015 00:48:40] ERROR_HANDLER 
Number:  2
Message: stream_socket_client(): unable to connect to ssl://172.17.20.210:443 (Connection refused)
File:    /home/ubuntu/workspace/wp-includes/class-http.php
Line:    999
-------------------------------------------- 
[Nov 20 2015 00:49:34] ERROR_HANDLER 
Number:  2
Message: stream_socket_client(): unable to connect to ssl://172.17.20.210:443 (Connection refused)
File:    /home/ubuntu/workspace/wp-includes/class-http.php
Line:    999
-------------------------------------------- 
[Nov 20 2015 00:56:11] ERROR_HANDLER 
Number:  2
Message: stream_socket_client(): unable to connect to ssl://172.17.20.210:443 (Connection refused)
File:    /home/ubuntu/workspace/wp-includes/class-http.php
Line:    999
-------------------------------------------- 
[Nov 20 2015 05:32:58] ERROR_HANDLER 
Number:  2
Message: gzinflate(): data error
File:    /home/ubuntu/workspace/wp-includes/class-http.php
Line:    2116
-------------------------------------------- 
[Nov 20 2015 15:43:02] ERROR_HANDLER 
Number:  2
Message: gzinflate(): data error
File:    /home/ubuntu/workspace/wp-includes/class-http.php
Line:    2116
-------------------------------------------- 
[Nov 20 2015 15:43:12] ERROR_HANDLER 
Number:  2
Message: gzinflate(): data error
File:    /home/ubuntu/workspace/wp-includes/class-http.php
Line:    2116
-------------------------------------------- 
[Nov 20 2015 15:43:49] ERROR_HANDLER 
Number:  2
Message: stream_socket_client(): unable to connect to ssl://172.17.20.210:443 (Connection refused)
File:    /home/ubuntu/workspace/wp-includes/class-http.php
Line:    999
-------------------------------------------- 
[Nov 20 2015 15:43:58] ERROR_HANDLER 
Number:  2
Message: gzinflate(): data error
File:    /home/ubuntu/workspace/wp-includes/class-http.php
Line:    2116
-------------------------------------------- 
[Nov 20 2015 15:46:25] ERROR_HANDLER 
Number:  2
Message: gzinflate(): data error
File:    /home/ubuntu/workspace/wp-includes/class-http.php
Line:    2116
-------------------------------------------- 
[Nov 20 2015 15:46:26] ERROR_HANDLER 
Number:  2
Message: stream_socket_client(): unable to connect to ssl://172.17.20.210:443 (Connection refused)
File:    /home/ubuntu/workspace/wp-includes/class-http.php
Line:    999
-------------------------------------------- 
[Nov 20 2015 15:46:29] ERROR_HANDLER 
Number:  2
Message: gzinflate(): data error
File:    /home/ubuntu/workspace/wp-includes/class-http.php
Line:    2116
-------------------------------------------- 
[Nov 20 2015 15:46:29] ERROR_HANDLER 
Number:  2
Message: stream_socket_client(): unable to connect to ssl://172.17.20.210:443 (Connection refused)
File:    /home/ubuntu/workspace/wp-includes/class-http.php
Line:    999
-------------------------------------------- 
[Nov 20 2015 15:48:53] ERROR_HANDLER 
Number:  2
Message: stream_socket_client(): unable to connect to ssl://172.17.20.210:443 (Connection refused)
File:    /home/ubuntu/workspace/wp-includes/class-http.php
Line:    999
-------------------------------------------- 
[Nov 20 2015 15:49:02] ERROR_HANDLER 
Number:  2
Message: stream_socket_client(): unable to connect to ssl://172.17.20.210:443 (Connection refused)
File:    /home/ubuntu/workspace/wp-includes/class-http.php
Line:    999
-------------------------------------------- 
[Nov 20 2015 15:49:03] ERROR_HANDLER 
Number:  2
Message: stream_socket_client(): unable to connect to ssl://172.17.20.210:443 (Connection refused)
File:    /home/ubuntu/workspace/wp-includes/class-http.php
Line:    999
-------------------------------------------- 
[Nov 20 2015 15:49:03] ERROR_HANDLER 
Number:  2
Message: stream_socket_client(): unable to connect to ssl://172.17.20.210:443 (Connection refused)
File:    /home/ubuntu/workspace/wp-includes/class-http.php
Line:    999
-------------------------------------------- 
[Nov 20 2015 15:49:04] ERROR_HANDLER 
Number:  2
Message: stream_socket_client(): unable to connect to ssl://172.17.20.210:443 (Connection refused)
File:    /home/ubuntu/workspace/wp-includes/class-http.php
Line:    999
-------------------------------------------- 
[Nov 20 2015 15:49:04] ERROR_HANDLER 
Number:  2
Message: stream_socket_client(): unable to connect to ssl://172.17.20.210:443 (Connection refused)
File:    /home/ubuntu/workspace/wp-includes/class-http.php
Line:    999
-------------------------------------------- 
[Nov 20 2015 15:49:04] ERROR_HANDLER 
Number:  2
Message: stream_socket_client(): unable to connect to ssl://172.17.20.210:443 (Connection refused)
File:    /home/ubuntu/workspace/wp-includes/class-http.php
Line:    999
-------------------------------------------- 
[Nov 20 2015 15:49:05] ERROR_HANDLER 
Number:  2
Message: stream_socket_client(): unable to connect to ssl://172.17.20.210:443 (Connection refused)
File:    /home/ubuntu/workspace/wp-includes/class-http.php
Line:    999
-------------------------------------------- 
[Nov 20 2015 15:49:05] ERROR_HANDLER 
Number:  2
Message: stream_socket_client(): unable to connect to ssl://172.17.20.210:443 (Connection refused)
File:    /home/ubuntu/workspace/wp-includes/class-http.php
Line:    999
-------------------------------------------- 
[Nov 20 2015 15:49:06] ERROR_HANDLER 
Number:  2
Message: stream_socket_client(): unable to connect to ssl://172.17.20.210:443 (Connection refused)
File:    /home/ubuntu/workspace/wp-includes/class-http.php
Line:    999
-------------------------------------------- 
[Nov 20 2015 15:49:06] ERROR_HANDLER 
Number:  2
Message: stream_socket_client(): unable to connect to ssl://172.17.20.210:443 (Connection refused)
File:    /home/ubuntu/workspace/wp-includes/class-http.php
Line:    999
-------------------------------------------- 
[Nov 20 2015 15:53:25] ERROR_HANDLER 
Number:  2
Message: stream_socket_client(): unable to connect to ssl://172.17.20.210:443 (Connection refused)
File:    /home/ubuntu/workspace/wp-includes/class-http.php
Line:    999
-------------------------------------------- 
[Nov 20 2015 15:53:29] ERROR_HANDLER 
Number:  2
Message: stream_socket_client(): unable to connect to ssl://172.17.20.210:443 (Connection refused)
File:    /home/ubuntu/workspace/wp-includes/class-http.php
Line:    999
-------------------------------------------- 
[Nov 20 2015 15:53:34] ERROR_HANDLER 
Number:  2
Message: stream_socket_client(): unable to connect to ssl://172.17.20.210:443 (Connection refused)
File:    /home/ubuntu/workspace/wp-includes/class-http.php
Line:    999
-------------------------------------------- 
[Nov 20 2015 15:53:57] ERROR_HANDLER 
Number:  2
Message: stream_socket_client(): unable to connect to ssl://172.17.20.210:443 (Connection refused)
File:    /home/ubuntu/workspace/wp-includes/class-http.php
Line:    999
-------------------------------------------- 
[Nov 20 2015 15:55:37] ERROR_HANDLER 
Number:  2
Message: stream_socket_client(): unable to connect to ssl://172.17.20.210:443 (Connection refused)
File:    /home/ubuntu/workspace/wp-includes/class-http.php
Line:    999
-------------------------------------------- 
[Nov 20 2015 16:02:49] ERROR_HANDLER 
Number:  2
Message: stream_socket_client(): unable to connect to ssl://172.17.20.210:443 (Connection refused)
File:    /home/ubuntu/workspace/wp-includes/class-http.php
Line:    999
-------------------------------------------- 
[Nov 20 2015 16:02:50] ERROR_HANDLER 
Number:  2
Message: stream_socket_client(): unable to connect to ssl://172.17.20.210:443 (Connection refused)
File:    /home/ubuntu/workspace/wp-includes/class-http.php
Line:    999
-------------------------------------------- 
[Nov 20 2015 16:02:51] ERROR_HANDLER 
Number:  2
Message: stream_socket_client(): unable to connect to ssl://172.17.20.210:443 (Connection refused)
File:    /home/ubuntu/workspace/wp-includes/class-http.php
Line:    999
-------------------------------------------- 
[Nov 20 2015 16:03:03] ERROR_HANDLER 
Number:  2
Message: stream_socket_client(): unable to connect to ssl://172.17.20.210:443 (Connection refused)
File:    /home/ubuntu/workspace/wp-includes/class-http.php
Line:    999
-------------------------------------------- 
[Nov 20 2015 23:46:26] ERROR_HANDLER 
Number:  2
Message: gzinflate(): data error
File:    /home/ubuntu/workspace/wp-includes/class-http.php
Line:    2116
-------------------------------------------- 
[Nov 20 2015 23:46:39] ERROR_HANDLER 
Number:  2
Message: stream_socket_client(): unable to connect to ssl://172.17.20.210:443 (Connection refused)
File:    /home/ubuntu/workspace/wp-includes/class-http.php
Line:    999
-------------------------------------------- 
[Nov 20 2015 23:55:03] ERROR_HANDLER 
Number:  2
Message: gzinflate(): data error
File:    /home/ubuntu/workspace/wp-includes/class-http.php
Line:    2116
-------------------------------------------- 
[Nov 20 2015 23:55:05] ERROR_HANDLER 
Number:  2
Message: gzinflate(): data error
File:    /home/ubuntu/workspace/wp-includes/class-http.php
Line:    2116
-------------------------------------------- 
[Nov 20 2015 23:55:06] ERROR_HANDLER 
Number:  2
Message: stream_socket_client(): unable to connect to ssl://172.17.20.210:443 (Connection refused)
File:    /home/ubuntu/workspace/wp-includes/class-http.php
Line:    999
-------------------------------------------- 
[Nov 20 2015 23:55:10] ERROR_HANDLER 
Number:  2
Message: gzinflate(): data error
File:    /home/ubuntu/workspace/wp-includes/class-http.php
Line:    2116
-------------------------------------------- 
[Nov 20 2015 23:55:10] ERROR_HANDLER 
Number:  2
Message: stream_socket_client(): unable to connect to ssl://172.17.20.210:443 (Connection refused)
File:    /home/ubuntu/workspace/wp-includes/class-http.php
Line:    999
-------------------------------------------- 
[Nov 20 2015 23:56:13] ERROR_HANDLER 
Number:  2
Message: gzinflate(): data error
File:    /home/ubuntu/workspace/wp-includes/class-http.php
Line:    2116
-------------------------------------------- 
[Nov 20 2015 23:56:14] ERROR_HANDLER 
Number:  2
Message: stream_socket_client(): unable to connect to ssl://172.17.20.210:443 (Connection refused)
File:    /home/ubuntu/workspace/wp-includes/class-http.php
Line:    999
-------------------------------------------- 
[Nov 20 2015 23:56:18] ERROR_HANDLER 
Number:  2
Message: gzinflate(): data error
File:    /home/ubuntu/workspace/wp-includes/class-http.php
Line:    2116
-------------------------------------------- 
[Nov 20 2015 23:56:18] ERROR_HANDLER 
Number:  2
Message: stream_socket_client(): unable to connect to ssl://172.17.20.210:443 (Connection refused)
File:    /home/ubuntu/workspace/wp-includes/class-http.php
Line:    999
-------------------------------------------- 
[Nov 20 2015 23:58:43] ERROR_HANDLER 
Number:  2
Message: stream_socket_client(): unable to connect to ssl://172.17.20.210:443 (Connection refused)
File:    /home/ubuntu/workspace/wp-includes/class-http.php
Line:    999
-------------------------------------------- 
[Nov 20 2015 23:59:16] ERROR_HANDLER 
Number:  2
Message: stream_socket_client(): unable to connect to ssl://172.17.20.210:443 (Connection refused)
File:    /home/ubuntu/workspace/wp-includes/class-http.php
Line:    999
-------------------------------------------- 
[Nov 21 2015 00:05:32] ERROR_HANDLER 
Number:  2
Message: stream_socket_client(): unable to connect to ssl://172.17.20.210:443 (Connection refused)
File:    /home/ubuntu/workspace/wp-includes/class-http.php
Line:    999
-------------------------------------------- 
[Nov 21 2015 00:16:20] ERROR_HANDLER 
Number:  2
Message: stream_socket_client(): unable to connect to ssl://172.17.20.210:443 (Connection refused)
File:    /home/ubuntu/workspace/wp-includes/class-http.php
Line:    999
-------------------------------------------- 
[Nov 21 2015 00:17:21] ERROR_HANDLER 
Number:  2
Message: stream_socket_client(): unable to connect to ssl://172.17.20.210:443 (Connection refused)
File:    /home/ubuntu/workspace/wp-includes/class-http.php
Line:    999
-------------------------------------------- 
[Nov 21 2015 00:18:00] ERROR_HANDLER 
Number:  2
Message: stream_socket_client(): unable to connect to ssl://172.17.20.210:443 (Connection refused)
File:    /home/ubuntu/workspace/wp-includes/class-http.php
Line:    999
-------------------------------------------- 
[Nov 21 2015 00:20:11] ERROR_HANDLER 
Number:  2
Message: stream_socket_client(): unable to connect to ssl://172.17.20.210:443 (Connection refused)
File:    /home/ubuntu/workspace/wp-includes/class-http.php
Line:    999
-------------------------------------------- 
[Nov 21 2015 00:21:01] ERROR_HANDLER 
Number:  2
Message: stream_socket_client(): unable to connect to ssl://172.17.20.210:443 (Connection refused)
File:    /home/ubuntu/workspace/wp-includes/class-http.php
Line:    999
-------------------------------------------- 
[Nov 21 2015 00:23:04] ERROR_HANDLER 
Number:  2
Message: stream_socket_client(): unable to connect to ssl://172.17.20.210:443 (Connection refused)
File:    /home/ubuntu/workspace/wp-includes/class-http.php
Line:    999
-------------------------------------------- 
[Nov 21 2015 00:29:05] ERROR_HANDLER 
Number:  2
Message: stream_socket_client(): unable to connect to ssl://172.17.20.210:443 (Connection refused)
File:    /home/ubuntu/workspace/wp-includes/class-http.php
Line:    999
-------------------------------------------- 
[Nov 21 2015 00:40:36] ERROR_HANDLER 
Number:  2
Message: stream_socket_client(): unable to connect to ssl://172.17.20.210:443 (Connection refused)
File:    /home/ubuntu/workspace/wp-includes/class-http.php
Line:    999
-------------------------------------------- 
[Nov 21 2015 00:43:43] ERROR_HANDLER 
Number:  2
Message: stream_socket_client(): unable to connect to ssl://172.17.20.210:443 (Connection refused)
File:    /home/ubuntu/workspace/wp-includes/class-http.php
Line:    999
-------------------------------------------- 
[Nov 21 2015 00:43:57] ERROR_HANDLER 
Number:  2
Message: stream_socket_client(): unable to connect to ssl://172.17.20.210:443 (Connection refused)
File:    /home/ubuntu/workspace/wp-includes/class-http.php
Line:    999
-------------------------------------------- 
[Nov 21 2015 00:44:02] ERROR_HANDLER 
Number:  2
Message: stream_socket_client(): unable to connect to ssl://172.17.20.210:443 (Connection refused)
File:    /home/ubuntu/workspace/wp-includes/class-http.php
Line:    999
-------------------------------------------- 
